-------------------------------------------------------------------------------
Test set: com.udemycourse.GreetingImplTest
-------------------------------------------------------------------------------
Tests run: 1, Failures: 1, Errors: 0, Skipped: 0, Time elapsed: 0.007 sec <<< FAILURE!
com.udemycourse.GreetingImplTest.testingGreeting()  Time elapsed: 0.006 sec  <<< FAILURE!
java.lang.NullPointerException: Cannot invoke "com.udemycourse.Greeting.greetings(String)" because "this.greet" is null
	at com.udemycourse.GreetingImplTest.testingGreeting(GreetingImplTest.java:24)

